Using pre-set license
Built from '2021.1/staging' branch; Version is '2021.1.7f1 (d91830b65d9b) revision 14227504'; Using compiler version '192528614'; Build Type 'Release'
OS: 'Windows 10 Pro; OS build 19042.985; Version 2009; 64bit' Language: 'de' Physical Memory: 16318 MB
BatchMode: 1, IsHumanControllingUs: 0, StartBugReporterOnCrash: 0, Is64bit: 1, IsPro: 0

 COMMAND LINE ARGUMENTS:
D:\sw\Unity\2021.1.7f1\Editor\Unity.exe
-adb2
-batchMode
-noUpm
-name
AssetImportWorker0
-projectPath
D:/Daten/Ingo/repos/City Builder Project/City Builder
-logFile
Logs/AssetImportWorker0.log
-srvPort
63483
Successfully changed project path to: D:/Daten/Ingo/repos/City Builder Project/City Builder
D:/Daten/Ingo/repos/City Builder Project/City Builder
Using Asset Import Pipeline V2.
